[18:32:59] [Render thread/INFO]: Environment: authHost='https://authserver.mojang.com', accountsHost='https://api.mojang.com', sessionHost='https://sessionserver.mojang.com', servicesHost='https://api.minecraftservices.com', name='PROD'
[18:33:00] [Render thread/ERROR]: Failed to verify authentication
com.mojang.authlib.exceptions.AuthenticationUnavailableException: null
	at com.mojang.authlib.yggdrasil.YggdrasilSocialInteractionsService.checkPrivileges(YggdrasilSocialInteractionsService.java:97) ~[authlib-2.1.28.jar:?]
	at com.mojang.authlib.yggdrasil.YggdrasilSocialInteractionsService.<init>(YggdrasilSocialInteractionsService.java:40) ~[authlib-2.1.28.jar:?]
	at com.mojang.authlib.yggdrasil.YggdrasilAuthenticationService.createSocialInteractionsService(YggdrasilAuthenticationService.java:152) ~[authlib-2.1.28.jar:?]
	at djz.a(SourceFile:625) [client.jar:?]
	at djz.<init>(SourceFile:409) [client.jar:?]
	at net.minecraft.client.main.Main.main(SourceFile:177) [client.jar:?]
[18:33:00] [Render thread/INFO]: Setting user: a
[18:33:00] [Render thread/INFO]: Backend library: LWJGL version 3.2.2 build 10
[18:33:02] [Render thread/INFO]: Narrator library for x64 successfully loaded
[18:33:02] [Render thread/INFO]: Reloading ResourceManager: Default
[18:33:03] [Realms Notification Availability checker #1/INFO]: Could not authorize you against Realms server: Invalid session id
[18:33:04] [Render thread/INFO]: OpenAL initialized.
[18:33:04] [Render thread/INFO]: Sound engine started
[18:33:05] [Render thread/INFO]: Created: 1024x1024x4 minecraft:textures/atlas/blocks.png-atlas
[18:33:05] [Render thread/INFO]: Created: 256x128x4 minecraft:textures/atlas/signs.png-atlas
[18:33:05] [Render thread/INFO]: Created: 1024x512x4 minecraft:textures/atlas/banner_patterns.png-atlas
[18:33:05] [Render thread/INFO]: Created: 1024x512x4 minecraft:textures/atlas/shield_patterns.png-atlas
[18:33:05] [Render thread/INFO]: Created: 256x256x4 minecraft:textures/atlas/chest.png-atlas
[18:33:05] [Render thread/INFO]: Created: 512x256x4 minecraft:textures/atlas/beds.png-atlas
[18:33:05] [Render thread/INFO]: Created: 512x256x4 minecraft:textures/atlas/shulker_boxes.png-atlas
[18:33:05] [Render thread/INFO]: Created: 256x256x0 minecraft:textures/atlas/particles.png-atlas
[18:33:05] [Render thread/INFO]: Created: 256x256x0 minecraft:textures/atlas/paintings.png-atlas
[18:33:05] [Render thread/INFO]: Created: 256x128x0 minecraft:textures/atlas/mob_effects.png-atlas
[18:33:28] [Render thread/INFO]: Reloading ResourceManager: Default
[18:33:29] [Render thread/INFO]: OpenAL initialized.
[18:33:29] [Render thread/INFO]: Sound engine started
[18:33:29] [Render thread/INFO]: Created: 1024x1024x0 minecraft:textures/atlas/blocks.png-atlas
[18:33:29] [Render thread/INFO]: Created: 256x128x0 minecraft:textures/atlas/signs.png-atlas
[18:33:29] [Render thread/INFO]: Created: 1024x512x0 minecraft:textures/atlas/banner_patterns.png-atlas
[18:33:29] [Render thread/INFO]: Created: 1024x512x0 minecraft:textures/atlas/shield_patterns.png-atlas
[18:33:29] [Render thread/INFO]: Created: 256x256x0 minecraft:textures/atlas/chest.png-atlas
[18:33:29] [Render thread/INFO]: Created: 512x256x0 minecraft:textures/atlas/beds.png-atlas
[18:33:29] [Render thread/INFO]: Created: 512x256x0 minecraft:textures/atlas/shulker_boxes.png-atlas
[18:33:29] [Render thread/INFO]: Created: 256x256x0 minecraft:textures/atlas/particles.png-atlas
[18:33:29] [Render thread/INFO]: Created: 256x256x0 minecraft:textures/atlas/paintings.png-atlas
[18:33:29] [Render thread/INFO]: Created: 256x128x0 minecraft:textures/atlas/mob_effects.png-atlas
[18:33:35] [Render thread/WARN]: Ambiguity between arguments [teleport, destination] and [teleport, targets] with inputs: [Player, 0123, @e, dd12be42-52a9-4a91-a8a1-11c01849e498]
[18:33:35] [Render thread/WARN]: Ambiguity between arguments [teleport, location] and [teleport, destination] with inputs: [0.1 -0.5 .9, 0 0 0]
[18:33:35] [Render thread/WARN]: Ambiguity between arguments [teleport, location] and [teleport, targets] with inputs: [0.1 -0.5 .9, 0 0 0]
[18:33:35] [Render thread/WARN]: Ambiguity between arguments [teleport, targets] and [teleport, destination] with inputs: [Player, 0123, dd12be42-52a9-4a91-a8a1-11c01849e498]
[18:33:35] [Render thread/WARN]: Ambiguity between arguments [teleport, targets, location] and [teleport, targets, destination] with inputs: [0.1 -0.5 .9, 0 0 0]
[18:33:35] [Render thread/INFO]: Reloading ResourceManager: Default
[18:33:36] [Render thread/INFO]: Loaded 7 recipes
[18:33:36] [Render thread/INFO]: Loaded 927 advancements
[18:33:36] [Render thread/INFO]: Environment: authHost='https://authserver.mojang.com', accountsHost='https://api.mojang.com', sessionHost='https://sessionserver.mojang.com', servicesHost='https://api.minecraftservices.com', name='PROD'
[18:33:36] [Server thread/INFO]: Starting integrated minecraft server version 1.16.4
[18:33:36] [Server thread/INFO]: Generating keypair
[18:33:36] [Server thread/INFO]: Preparing start region for dimension minecraft:overworld
[18:33:37] [Render thread/INFO]: Preparing spawn area: 0%
[18:33:37] [Render thread/INFO]: Preparing spawn area: 80%
[18:33:37] [Render thread/INFO]: Time elapsed: 527 ms
[18:33:37] [Server thread/INFO]: Changing view distance to 4, from 10
[18:33:38] [Server thread/INFO]: a[local:E:37c788e6] logged in with entity id 15 at (88.23577002678255, 4.0, 85.89918490115942)
[18:33:38] [Server thread/INFO]: a joined the game
[18:33:38] [Server thread/INFO]: Saving and pausing game...
[18:33:38] [Server thread/INFO]: Saving chunks for level 'ServerLevel[New World]'/minecraft:overworld
[18:33:38] [Render thread/INFO]: Loaded 0 advancements
[18:33:38] [Server thread/INFO]: Saving chunks for level 'ServerLevel[New World]'/minecraft:the_nether
[18:33:38] [Server thread/INFO]: Saving chunks for level 'ServerLevel[New World]'/minecraft:the_end
[18:33:46] [Server thread/INFO]: [a: Set own game mode to Survival Mode]
[18:33:46] [Render thread/INFO]: [CHAT] Set own game mode to Survival Mode
[18:33:51] [Server thread/INFO]: [a: Set own game mode to Creative Mode]
[18:33:51] [Render thread/INFO]: [CHAT] Set own game mode to Creative Mode
[18:33:57] [Server thread/INFO]: [a: Set own game mode to Survival Mode]
[18:33:57] [Render thread/INFO]: [CHAT] Set own game mode to Survival Mode
[18:34:02] [Server thread/INFO]: [a: Set own game mode to Creative Mode]
[18:34:02] [Render thread/INFO]: [CHAT] Set own game mode to Creative Mode
[18:34:13] [Server thread/INFO]: Saving and pausing game...
[18:34:13] [Server thread/INFO]: Saving chunks for level 'ServerLevel[New World]'/minecraft:overworld
[18:34:13] [Server thread/INFO]: Saving chunks for level 'ServerLevel[New World]'/minecraft:the_nether
[18:34:13] [Server thread/INFO]: Saving chunks for level 'ServerLevel[New World]'/minecraft:the_end
[18:34:14] [Render thread/INFO]: Stopping!
[18:34:14] [Server thread/INFO]: a lost connection: Disconnected
[18:34:14] [Server thread/INFO]: a left the game
[18:34:14] [Server thread/INFO]: Stopping singleplayer server as player logged out
[18:34:14] [Server thread/INFO]: Stopping server
[18:34:14] [Server thread/INFO]: Saving players
[18:34:14] [Server thread/INFO]: Saving worlds
[18:34:14] [Server thread/INFO]: Saving chunks for level 'ServerLevel[New World]'/minecraft:overworld
[18:34:14] [Server thread/INFO]: ThreadedAnvilChunkStorage (New World): All chunks are saved
[18:34:14] [Server thread/INFO]: Saving chunks for level 'ServerLevel[New World]'/minecraft:the_nether
[18:34:14] [Server thread/INFO]: ThreadedAnvilChunkStorage (DIM-1): All chunks are saved
[18:34:14] [Server thread/INFO]: Saving chunks for level 'ServerLevel[New World]'/minecraft:the_end
[18:34:14] [Server thread/INFO]: ThreadedAnvilChunkStorage (DIM1): All chunks are saved
[18:34:14] [Server thread/INFO]: ThreadedAnvilChunkStorage (New World): All chunks are saved
[18:34:14] [Server thread/INFO]: ThreadedAnvilChunkStorage (DIM-1): All chunks are saved
[18:34:14] [Server thread/INFO]: ThreadedAnvilChunkStorage (DIM1): All chunks are saved
